2019-03-31 13:32:28.093  INFO 15568 --- [main] c.x.adminserver.AdminServerApplication   : The following profiles are active: secure
2019-03-31 13:32:29.187  WARN 15568 --- [main] o.s.boot.actuate.endpoint.EndpointId     : Endpoint ID 'service-registry' contains invalid characters, please migrate to a valid format.
2019-03-31 13:32:29.357  INFO 15568 --- [main] o.s.cloud.context.scope.GenericScope     : BeanFactory id=f0e96dd7-2979-38ec-9d5f-35bfd0b5df50
2019-03-31 13:32:29.436  INFO 15568 --- [main] trationDelegate$BeanPostProcessorChecker : Bean 'org.springframework.cloud.autoconfigure.ConfigurationPropertiesRebinderAutoConfiguration' of type [org.springframework.cloud.autoconfigure.ConfigurationPropertiesRebinderAutoConfiguration$$EnhancerBySpringCGLIB$$dcd4fc36] is not eligible for getting processed by all BeanPostProcessors (for example: not eligible for auto-proxying)
2019-03-31 13:32:29.701  INFO 15568 --- [main] o.s.b.w.embedded.tomcat.TomcatWebServer  : Tomcat initialized with port(s): 8767 (http)
2019-03-31 13:32:29.729  INFO 15568 --- [main] o.apache.catalina.core.StandardService   : Starting service [Tomcat]
2019-03-31 13:32:29.729  INFO 15568 --- [main] org.apache.catalina.core.StandardEngine  : Starting Servlet engine: [Apache Tomcat/9.0.16]
2019-03-31 13:32:29.732  INFO 15568 --- [main] o.a.catalina.core.AprLifecycleListener   : The APR based Apache Tomcat Native library which allows optimal performance in production environments was not found on the java.library.path: [C:\Program Files\Java\jdk1.8.0_201\bin;C:\WINDOWS\Sun\Java\bin;C:\WINDOWS\system32;C:\WINDOWS;C:\Program Files (x86)\Common Files\Oracle\Java\javapath;C:\Program Files (x86)\Intel\iCLS Client\;C:\Program Files\Intel\iCLS Client\;C:\Windows\system32;C:\Windows;C:\Windows\System32\Wbem;C:\Windows\System32\WindowsPowerShell\v1.0\;C:\Windows\System32\OpenSSH\;C:\Program Files (x86)\NVIDIA Corporation\PhysX\Common;C:\Program Files (x86)\Intel\Intel(R) Management Engine Components\DAL;C:\Program Files\Intel\Intel(R) Management Engine Components\DAL;C:\Program Files (x86)\Intel\Intel(R) Management Engine Components\IPT;C:\Program Files\Intel\Intel(R) Management Engine Components\IPT;C:\WINDOWS\system32;C:\WINDOWS;C:\WINDOWS\System32\Wbem;C:\WINDOWS\System32\WindowsPowerShell\v1.0\;C:\WINDOWS\System32\OpenSSH\;C:\Program Files\Java\jdk1.8.0_201\bin;C:\php\;;C:\Program Files\nodejs\;F:\soft\git\Git\cmd;F:\soft\tortoiseGit\bin;F:\soft\tortoiseSVN\bin;C:\Users\xum12\AppData\Local\Microsoft\WindowsApps;C:\Users\xum12\AppData\Roaming\npm;C:\Users\xum12\AppData\Local\GitHubDesktop\bin;.]
2019-03-31 13:32:30.045  INFO 15568 --- [main] o.a.c.c.C.[Tomcat].[localhost].[/]       : Initializing Spring embedded WebApplicationContext
2019-03-31 13:32:30.045  INFO 15568 --- [main] o.s.web.context.ContextLoader            : Root WebApplicationContext: initialization completed in 1921 ms
2019-03-31 13:32:30.201  WARN 15568 --- [main] c.n.c.sources.URLConfigurationSource     : No URLs will be polled as dynamic configuration sources.
2019-03-31 13:32:30.201  INFO 15568 --- [main] c.n.c.sources.URLConfigurationSource     : To enable URLs as dynamic configuration sources, define System property archaius.configurationSource.additionalUrls or make config.properties available on classpath.
2019-03-31 13:32:30.219  INFO 15568 --- [main] c.netflix.config.DynamicPropertyFactory  : DynamicPropertyFactory is initialized with configuration sources: com.netflix.config.ConcurrentCompositeConfiguration@5a0bef24
2019-03-31 13:32:30.999  INFO 15568 --- [main] o.s.b.a.e.web.ServletEndpointRegistrar   : Registered '/actuator/jolokia' to jolokia-actuator-endpoint
2019-03-31 13:32:31.155  WARN 15568 --- [main] c.n.c.sources.URLConfigurationSource     : No URLs will be polled as dynamic configuration sources.
2019-03-31 13:32:31.155  INFO 15568 --- [main] c.n.c.sources.URLConfigurationSource     : To enable URLs as dynamic configuration sources, define System property archaius.configurationSource.additionalUrls or make config.properties available on classpath.
2019-03-31 13:32:31.342  INFO 15568 --- [main] o.s.s.concurrent.ThreadPoolTaskExecutor  : Initializing ExecutorService 'applicationTaskExecutor'
2019-03-31 13:32:31.467  WARN 15568 --- [main] ion$DefaultTemplateResolverConfiguration : Cannot find template location: classpath:/templates/ (please add some templates or check your Thymeleaf configuration)
2019-03-31 13:32:33.999  INFO 15568 --- [main] o.s.s.web.DefaultSecurityFilterChain     : Creating filter chain: any request, [org.springframework.security.web.context.request.async.WebAsyncManagerIntegrationFilter@183fc2fa, org.springframework.security.web.context.SecurityContextPersistenceFilter@357f6391, org.springframework.security.web.header.HeaderWriterFilter@5ec88f9e, org.springframework.security.web.authentication.logout.LogoutFilter@4b9dbf07, org.springframework.security.web.authentication.UsernamePasswordAuthenticationFilter@68631b1d, org.springframework.security.web.authentication.www.BasicAuthenticationFilter@8e99809, org.springframework.security.web.savedrequest.RequestCacheAwareFilter@582e9152, org.springframework.security.web.servletapi.SecurityContextHolderAwareRequestFilter@31aab981, org.springframework.security.web.authentication.AnonymousAuthenticationFilter@3a11c0eb, org.springframework.security.web.session.SessionManagementFilter@3b11620a, org.springframework.security.web.access.ExceptionTranslationFilter@4a216eb4, org.springframework.security.web.access.intercept.FilterSecurityInterceptor@4168f3d9]
2019-03-31 13:32:34.140  INFO 15568 --- [main] o.s.b.a.e.web.EndpointLinksResolver      : Exposing 21 endpoint(s) beneath base path '/actuator'
2019-03-31 13:32:34.374  INFO 15568 --- [main] o.s.c.n.eureka.InstanceInfoFactory       : Setting initial instance status as: STARTING
2019-03-31 13:32:34.437  INFO 15568 --- [main] com.netflix.discovery.DiscoveryClient    : Initializing Eureka in region us-east-1
2019-03-31 13:32:35.265  INFO 15568 --- [main] c.n.d.provider.DiscoveryJerseyProvider   : Using JSON encoding codec LegacyJacksonJson
2019-03-31 13:32:35.265  INFO 15568 --- [main] c.n.d.provider.DiscoveryJerseyProvider   : Using JSON decoding codec LegacyJacksonJson
2019-03-31 13:32:35.515  INFO 15568 --- [main] c.n.d.provider.DiscoveryJerseyProvider   : Using XML encoding codec XStreamXml
2019-03-31 13:32:35.515  INFO 15568 --- [main] c.n.d.provider.DiscoveryJerseyProvider   : Using XML decoding codec XStreamXml
2019-03-31 13:32:35.844  INFO 15568 --- [main] c.n.d.s.r.aws.ConfigClusterResolver      : Resolving eureka endpoints via configuration
2019-03-31 13:32:36.327  INFO 15568 --- [main] com.netflix.discovery.DiscoveryClient    : Disable delta property : false
2019-03-31 13:32:36.327  INFO 15568 --- [main] com.netflix.discovery.DiscoveryClient    : Single vip registry refresh property : null
2019-03-31 13:32:36.327  INFO 15568 --- [main] com.netflix.discovery.DiscoveryClient    : Force full registry fetch : false
2019-03-31 13:32:36.327  INFO 15568 --- [main] com.netflix.discovery.DiscoveryClient    : Application is null : false
2019-03-31 13:32:36.327  INFO 15568 --- [main] com.netflix.discovery.DiscoveryClient    : Registered Applications size is zero : true
2019-03-31 13:32:36.327  INFO 15568 --- [main] com.netflix.discovery.DiscoveryClient    : Application version is -1: true
2019-03-31 13:32:36.327  INFO 15568 --- [main] com.netflix.discovery.DiscoveryClient    : Getting all instance registry info from the eureka server
2019-03-31 13:32:36.640  INFO 15568 --- [main] com.netflix.discovery.DiscoveryClient    : The response status is 200
2019-03-31 13:32:36.655  INFO 15568 --- [main] com.netflix.discovery.DiscoveryClient    : Starting heartbeat executor: renew interval is: 30
2019-03-31 13:32:36.655  INFO 15568 --- [main] c.n.discovery.InstanceInfoReplicator     : InstanceInfoReplicator onDemand update allowed rate per min is 4
2019-03-31 13:32:36.655  INFO 15568 --- [main] com.netflix.discovery.DiscoveryClient    : Discovery Client initialized at timestamp 1554010356655 with initial instances count: 0
2019-03-31 13:32:36.655  INFO 15568 --- [main] o.s.c.n.e.s.EurekaServiceRegistry        : Registering application ADMIN-SERVER with eureka with status UP
2019-03-31 13:32:36.655  INFO 15568 --- [main] com.netflix.discovery.DiscoveryClient    : Saw local status change event StatusChangeEvent [timestamp=1554010356655, current=UP, previous=STARTING]
2019-03-31 13:32:36.671  INFO 15568 --- [DiscoveryClient-InstanceInfoReplicator-0] com.netflix.discovery.DiscoveryClient    : DiscoveryClient_ADMIN-SERVER/LAPTOP-R75OOT6B:admin-server:8767: registering service...
2019-03-31 13:32:36.764  INFO 15568 --- [main] o.s.b.w.embedded.tomcat.TomcatWebServer  : Tomcat started on port(s): 8767 (http) with context path ''
2019-03-31 13:32:36.764  INFO 15568 --- [main] .s.c.n.e.s.EurekaAutoServiceRegistration : Updating port to 8767
2019-03-31 13:32:36.764  INFO 15568 --- [main] c.x.adminserver.AdminServerApplication   : Started AdminServerApplication in 11.078 seconds (JVM running for 13.306)
2019-03-31 13:32:36.811  INFO 15568 --- [DiscoveryClient-InstanceInfoReplicator-0] com.netflix.discovery.DiscoveryClient    : DiscoveryClient_ADMIN-SERVER/LAPTOP-R75OOT6B:admin-server:8767 - registration status: 204
2019-03-31 13:32:37.530  INFO 15568 --- [RMI TCP Connection(3)-192.168.1.104] o.a.c.c.C.[Tomcat].[localhost].[/]       : Initializing Spring DispatcherServlet 'dispatcherServlet'
2019-03-31 13:32:37.530  INFO 15568 --- [RMI TCP Connection(3)-192.168.1.104] o.s.web.servlet.DispatcherServlet        : Initializing Servlet 'dispatcherServlet'
2019-03-31 13:32:37.546  INFO 15568 --- [RMI TCP Connection(3)-192.168.1.104] o.s.web.servlet.DispatcherServlet        : Completed initialization in 16 ms
2019-03-31 13:33:06.686  INFO 15568 --- [DiscoveryClient-CacheRefreshExecutor-0] com.netflix.discovery.DiscoveryClient    : Disable delta property : false
2019-03-31 13:33:06.686  INFO 15568 --- [DiscoveryClient-CacheRefreshExecutor-0] com.netflix.discovery.DiscoveryClient    : Single vip registry refresh property : null
2019-03-31 13:33:06.686  INFO 15568 --- [DiscoveryClient-CacheRefreshExecutor-0] com.netflix.discovery.DiscoveryClient    : Force full registry fetch : false
2019-03-31 13:33:06.686  INFO 15568 --- [DiscoveryClient-CacheRefreshExecutor-0] com.netflix.discovery.DiscoveryClient    : Application is null : false
2019-03-31 13:33:06.686  INFO 15568 --- [DiscoveryClient-CacheRefreshExecutor-0] com.netflix.discovery.DiscoveryClient    : Registered Applications size is zero : true
2019-03-31 13:33:06.686  INFO 15568 --- [DiscoveryClient-CacheRefreshExecutor-0] com.netflix.discovery.DiscoveryClient    : Application version is -1: false
2019-03-31 13:33:06.686  INFO 15568 --- [DiscoveryClient-CacheRefreshExecutor-0] com.netflix.discovery.DiscoveryClient    : Getting all instance registry info from the eureka server
2019-03-31 13:33:06.748  INFO 15568 --- [DiscoveryClient-CacheRefreshExecutor-0] com.netflix.discovery.DiscoveryClient    : The response status is 200
2019-03-31 13:37:36.343  INFO 15568 --- [AsyncResolver-bootstrap-executor-0] c.n.d.s.r.aws.ConfigClusterResolver      : Resolving eureka endpoints via configuration
2019-03-31 13:39:03.452  INFO 15568 --- [reactor-http-nio-5] d.c.b.a.server.services.StatusUpdater    : Couldn't retrieve status for Instance(id=93e4bd39f4bf, version=2, registration=Registration(name=EUREKA-CLIENT, managementUrl=http://LAPTOP-R75OOT6B:8762/actuator, healthUrl=http://LAPTOP-R75OOT6B:8762/actuator/health, serviceUrl=http://LAPTOP-R75OOT6B:8762/, source=discovery), registered=true, statusInfo=StatusInfo(status=UP, details={hystrix={status=UP}, clientConfigServer={status=UP, details={propertySources=[configClient, https://github.com/xumgit/SpringConfig/repos/eureka-client-dev.properties]}}, binders={status=UP, details={rabbit={status=UP, details={binderHealthIndicator={status=UP, details={version=3.7.12}}}}}}, diskSpace={status=UP, details={total=335544315904, free=331557056512, threshold=10485760}}, rabbit={status=UP, details={version=3.7.12}}, refreshScope={status=UP}, discoveryComposite={status=UP, details={discoveryClient={status=UP, details={services=[ribbon-consumer, config-server, admin-server]}}, eureka={description=Eureka discovery client has not yet successfully connected to a Eureka server, status=UP, details={applications={RIBBON-CONSUMER=1, CONFIG-SERVER=1, ADMIN-SERVER=1}}}}}}), statusTimestamp=2019-03-31T05:34:07.358Z, info=Info(values={}), endpoints=Endpoints(endpoints={integrationgraph=Endpoint(id=integrationgraph, url=http://LAPTOP-R75OOT6B:8762/actuator/integrationgraph), httptrace=Endpoint(id=httptrace, url=http://LAPTOP-R75OOT6B:8762/actuator/httptrace), caches=Endpoint(id=caches, url=http://LAPTOP-R75OOT6B:8762/actuator/caches), loggers=Endpoint(id=loggers, url=http://LAPTOP-R75OOT6B:8762/actuator/loggers), logfile=Endpoint(id=logfile, url=http://LAPTOP-R75OOT6B:8762/actuator/logfile), bindings=Endpoint(id=bindings, url=http://LAPTOP-R75OOT6B:8762/actuator/bindings), health=Endpoint(id=health, url=http://LAPTOP-R75OOT6B:8762/actuator/health), refresh=Endpoint(id=refresh, url=http://LAPTOP-R75OOT6B:8762/actuator/refresh), env=Endpoint(id=env, url=http://LAPTOP-R75OOT6B:8762/actuator/env), heapdump=Endpoint(id=heapdump, url=http://LAPTOP-R75OOT6B:8762/actuator/heapdump), features=Endpoint(id=features, url=http://LAPTOP-R75OOT6B:8762/actuator/features), scheduledtasks=Endpoint(id=scheduledtasks, url=http://LAPTOP-R75OOT6B:8762/actuator/scheduledtasks), mappings=Endpoint(id=mappings, url=http://LAPTOP-R75OOT6B:8762/actuator/mappings), archaius=Endpoint(id=archaius, url=http://LAPTOP-R75OOT6B:8762/actuator/archaius), channels=Endpoint(id=channels, url=http://LAPTOP-R75OOT6B:8762/actuator/channels), bus-env=Endpoint(id=bus-env, url=http://LAPTOP-R75OOT6B:8762/actuator/bus-env), beans=Endpoint(id=beans, url=http://LAPTOP-R75OOT6B:8762/actuator/beans), configprops=Endpoint(id=configprops, url=http://LAPTOP-R75OOT6B:8762/actuator/configprops), threaddump=Endpoint(id=threaddump, url=http://LAPTOP-R75OOT6B:8762/actuator/threaddump), metrics=Endpoint(id=metrics, url=http://LAPTOP-R75OOT6B:8762/actuator/metrics), conditions=Endpoint(id=conditions, url=http://LAPTOP-R75OOT6B:8762/actuator/conditions), auditevents=Endpoint(id=auditevents, url=http://LAPTOP-R75OOT6B:8762/actuator/auditevents), service-registry=Endpoint(id=service-registry, url=http://LAPTOP-R75OOT6B:8762/actuator/service-registry), info=Endpoint(id=info, url=http://LAPTOP-R75OOT6B:8762/actuator/info), jolokia=Endpoint(id=jolokia, url=http://LAPTOP-R75OOT6B:8762/actuator/jolokia)}), buildVersion=null, tags=Tags(values={}))

io.netty.channel.AbstractChannel$AnnotatedConnectException: Connection refused: no further information: LAPTOP-R75OOT6B/192.168.1.104:8762
	at sun.nio.ch.SocketChannelImpl.checkConnect(Native Method)
	at sun.nio.ch.SocketChannelImpl.finishConnect(SocketChannelImpl.java:717)
	at io.netty.channel.socket.nio.NioSocketChannel.doFinishConnect(NioSocketChannel.java:327)
	at io.netty.channel.nio.AbstractNioChannel$AbstractNioUnsafe.finishConnect(AbstractNioChannel.java:340)
	at io.netty.channel.nio.NioEventLoop.processSelectedKey(NioEventLoop.java:665)
	at io.netty.channel.nio.NioEventLoop.processSelectedKeysOptimized(NioEventLoop.java:612)
	at io.netty.channel.nio.NioEventLoop.processSelectedKeys(NioEventLoop.java:529)
	at io.netty.channel.nio.NioEventLoop.run(NioEventLoop.java:491)
	at io.netty.util.concurrent.SingleThreadEventExecutor$5.run(SingleThreadEventExecutor.java:905)
	at java.lang.Thread.run(Thread.java:748)
Caused by: java.net.ConnectException: Connection refused: no further information
	... 10 common frames omitted

2019-03-31 13:40:03.452  INFO 15568 --- [reactor-http-nio-2] d.c.b.a.server.services.StatusUpdater    : Couldn't retrieve status for Instance(id=93e4bd39f4bf, version=4, registration=Registration(name=EUREKA-CLIENT, managementUrl=http://LAPTOP-R75OOT6B:8762/actuator, healthUrl=http://LAPTOP-R75OOT6B:8762/actuator/health, serviceUrl=http://LAPTOP-R75OOT6B:8762/, source=discovery), registered=true, statusInfo=StatusInfo(status=UP, details={hystrix={status=UP}, clientConfigServer={status=UP, details={propertySources=[configClient, https://github.com/xumgit/SpringConfig/repos/eureka-client-dev.properties]}}, binders={status=UP, details={rabbit={status=UP, details={binderHealthIndicator={status=UP, details={version=3.7.12}}}}}}, diskSpace={status=UP, details={total=335544315904, free=331557011456, threshold=10485760}}, rabbit={status=UP, details={version=3.7.12}}, refreshScope={status=UP}, discoveryComposite={status=UP, details={discoveryClient={status=UP, details={services=[ribbon-consumer, config-server, admin-server, eureka-client]}}, eureka={description=Eureka discovery client has not yet successfully connected to a Eureka server, status=UP, details={applications={RIBBON-CONSUMER=1, CONFIG-SERVER=1, ADMIN-SERVER=1, EUREKA-CLIENT=1}}}}}}), statusTimestamp=2019-03-31T05:39:22.452Z, info=Info(values={}), endpoints=Endpoints(endpoints={integrationgraph=Endpoint(id=integrationgraph, url=http://LAPTOP-R75OOT6B:8762/actuator/integrationgraph), httptrace=Endpoint(id=httptrace, url=http://LAPTOP-R75OOT6B:8762/actuator/httptrace), caches=Endpoint(id=caches, url=http://LAPTOP-R75OOT6B:8762/actuator/caches), loggers=Endpoint(id=loggers, url=http://LAPTOP-R75OOT6B:8762/actuator/loggers), logfile=Endpoint(id=logfile, url=http://LAPTOP-R75OOT6B:8762/actuator/logfile), bindings=Endpoint(id=bindings, url=http://LAPTOP-R75OOT6B:8762/actuator/bindings), health=Endpoint(id=health, url=http://LAPTOP-R75OOT6B:8762/actuator/health), refresh=Endpoint(id=refresh, url=http://LAPTOP-R75OOT6B:8762/actuator/refresh), env=Endpoint(id=env, url=http://LAPTOP-R75OOT6B:8762/actuator/env), heapdump=Endpoint(id=heapdump, url=http://LAPTOP-R75OOT6B:8762/actuator/heapdump), features=Endpoint(id=features, url=http://LAPTOP-R75OOT6B:8762/actuator/features), scheduledtasks=Endpoint(id=scheduledtasks, url=http://LAPTOP-R75OOT6B:8762/actuator/scheduledtasks), mappings=Endpoint(id=mappings, url=http://LAPTOP-R75OOT6B:8762/actuator/mappings), archaius=Endpoint(id=archaius, url=http://LAPTOP-R75OOT6B:8762/actuator/archaius), channels=Endpoint(id=channels, url=http://LAPTOP-R75OOT6B:8762/actuator/channels), bus-env=Endpoint(id=bus-env, url=http://LAPTOP-R75OOT6B:8762/actuator/bus-env), beans=Endpoint(id=beans, url=http://LAPTOP-R75OOT6B:8762/actuator/beans), configprops=Endpoint(id=configprops, url=http://LAPTOP-R75OOT6B:8762/actuator/configprops), threaddump=Endpoint(id=threaddump, url=http://LAPTOP-R75OOT6B:8762/actuator/threaddump), metrics=Endpoint(id=metrics, url=http://LAPTOP-R75OOT6B:8762/actuator/metrics), conditions=Endpoint(id=conditions, url=http://LAPTOP-R75OOT6B:8762/actuator/conditions), auditevents=Endpoint(id=auditevents, url=http://LAPTOP-R75OOT6B:8762/actuator/auditevents), service-registry=Endpoint(id=service-registry, url=http://LAPTOP-R75OOT6B:8762/actuator/service-registry), info=Endpoint(id=info, url=http://LAPTOP-R75OOT6B:8762/actuator/info), jolokia=Endpoint(id=jolokia, url=http://LAPTOP-R75OOT6B:8762/actuator/jolokia)}), buildVersion=null, tags=Tags(values={}))

io.netty.channel.AbstractChannel$AnnotatedConnectException: Connection refused: no further information: LAPTOP-R75OOT6B/192.168.1.104:8762
	at sun.nio.ch.SocketChannelImpl.checkConnect(Native Method)
	at sun.nio.ch.SocketChannelImpl.finishConnect(SocketChannelImpl.java:717)
	at io.netty.channel.socket.nio.NioSocketChannel.doFinishConnect(NioSocketChannel.java:327)
	at io.netty.channel.nio.AbstractNioChannel$AbstractNioUnsafe.finishConnect(AbstractNioChannel.java:340)
	at io.netty.channel.nio.NioEventLoop.processSelectedKey(NioEventLoop.java:665)
	at io.netty.channel.nio.NioEventLoop.processSelectedKeysOptimized(NioEventLoop.java:612)
	at io.netty.channel.nio.NioEventLoop.processSelectedKeys(NioEventLoop.java:529)
	at io.netty.channel.nio.NioEventLoop.run(NioEventLoop.java:491)
	at io.netty.util.concurrent.SingleThreadEventExecutor$5.run(SingleThreadEventExecutor.java:905)
	at java.lang.Thread.run(Thread.java:748)
Caused by: java.net.ConnectException: Connection refused: no further information
	... 10 common frames omitted

